<?xml version="1.0" encoding="UTF-8"?>
<testng-results ignored="0" total="1" passed="1" failed="0" skipped="0">
  <reporter-output>
  </reporter-output>
  <suite started-at="2021-12-09T13:43:55 IST" name="Default suite" finished-at="2021-12-09T13:43:55 IST" duration-ms="51">
    <groups>
    </groups>
    <test started-at="2021-12-09T13:43:55 IST" name="Default test" finished-at="2021-12-09T13:43:55 IST" duration-ms="51">
      <class name="Practice.Test1">
        <test-method signature="test1()[pri:0, instance:Practice.Test1@68e965f5]" started-at="2021-12-09T13:43:55 IST" name="test1" finished-at="2021-12-09T13:43:55 IST" duration-ms="11" status="PASS">
          <reporter-output>
          </reporter-output>
        </test-method> <!-- test1 -->
      </class> <!-- Practice.Test1 -->
    </test> <!-- Default test -->
  </suite> <!-- Default suite -->
</testng-results>
